Aug 01, 2017 5:05:31 PM com.genuitec.pulse.client.deliverypackage.runtime.internal.Activator initializeLoggers
INFO: Package starting up at Tue Aug 01 17:05:31 EDT 2017
Aug 01, 2017 5:05:34 PM com.genuitec.pulse.client.deliverypackage.runtime.UpdatesService checkForWorkspaceUpdates
INFO: Latest version of package has already been enabled in the workspace; check finished in 5ms
Aug 01, 2017 5:21:21 PM org.chromium.sdk.internal.BaseCommandProcessor processIncoming
SEVERE: Failed to dispatch response to callback
java.lang.RuntimeException: org.chromium.sdk.internal.protocolparser.JsonProtocolParseException: Failed to parse type org.chromium.sdk.internal.wip.protocol.input.runtime.GetPropertiesData
	at org.chromium.sdk.internal.wip.WipCommandProcessor$9.onSuccess(WipCommandProcessor.java:116)
	at org.chromium.sdk.internal.wip.WipCommandCallback$Default.messageReceived(WipCommandCallback.java:30)
	at org.chromium.sdk.internal.wip.WipCommandCallback$Default.messageReceived(WipCommandCallback.java:1)
	at org.chromium.sdk.internal.BaseCommandProcessor$3.call(BaseCommandProcessor.java:100)
	at org.chromium.sdk.internal.BaseCommandProcessor$3.call(BaseCommandProcessor.java:1)
	at org.chromium.sdk.internal.BaseCommandProcessor.callThemBack(BaseCommandProcessor.java:134)
	at org.chromium.sdk.internal.BaseCommandProcessor.processIncoming(BaseCommandProcessor.java:104)
	at org.chromium.sdk.internal.wip.WipCommandProcessor.acceptResponse(WipCommandProcessor.java:132)
	at org.chromium.sdk.internal.wip.WipTabImpl$2.textMessageRecieved(WipTabImpl.java:113)
	at org.chromium.sdk.internal.websocket.Hybi17WsConnection$IncomingFrameHandler$1$1.dispatch(Hybi17WsConnection.java:292)
	at org.chromium.sdk.internal.websocket.AbstractWsConnection$8.runImpl(AbstractWsConnection.java:155)
	at org.chromium.sdk.internal.websocket.AbstractWsConnection$8.run(AbstractWsConnection.java:146)
	at java.lang.Thread.run(Thread.java:745)
Caused by: org.chromium.sdk.internal.protocolparser.JsonProtocolParseException: Failed to parse type org.chromium.sdk.internal.wip.protocol.input.runtime.GetPropertiesData
	at org.chromium.sdk.internal.protocolparser.dynamicimpl.TypeHandler.parse(TypeHandler.java:140)
	at org.chromium.sdk.internal.protocolparser.dynamicimpl.TypeHandler$AbsentSubtypeAspect.parseFromSuper(TypeHandler.java:252)
	at org.chromium.sdk.internal.protocolparser.dynamicimpl.TypeHandler.parseRootImpl(TypeHandler.java:150)
	at org.chromium.sdk.internal.protocolparser.dynamicimpl.TypeHandler.parseRoot(TypeHandler.java:145)
	at org.chromium.sdk.internal.protocolparser.dynamicimpl.ParserRootImpl$ParseDelegate.invoke(ParserRootImpl.java:173)
	at org.chromium.sdk.internal.protocolparser.dynamicimpl.ParserRootImpl$InvocationHandlerImpl.invoke(ParserRootImpl.java:145)
	at com.sun.proxy.$Proxy46.parseRuntimeGetPropertiesData(Unknown Source)
	at org.chromium.sdk.internal.wip.protocol.output.runtime.GetPropertiesParams.parseResponse(GetPropertiesParams.java:29)
	at org.chromium.sdk.internal.wip.protocol.output.runtime.GetPropertiesParams.parseResponse(GetPropertiesParams.java:1)
	at org.chromium.sdk.internal.wip.WipCommandProcessor$9.onSuccess(WipCommandProcessor.java:114)
	... 12 more
Caused by: org.chromium.sdk.internal.protocolparser.JsonProtocolParseException: Failed to parse field result
	at org.chromium.sdk.internal.protocolparser.dynamicimpl.FieldLoader.parse(FieldLoader.java:40)
	at org.chromium.sdk.internal.protocolparser.dynamicimpl.TypeHandler.parse(TypeHandler.java:119)
	... 21 more
Caused by: org.chromium.sdk.internal.protocolparser.JsonProtocolParseException: Failed to parse type org.chromium.sdk.internal.wip.protocol.input.runtime.PropertyDescriptorValue
	at org.chromium.sdk.internal.protocolparser.dynamicimpl.TypeHandler.parse(TypeHandler.java:140)
	at org.chromium.sdk.internal.protocolparser.dynamicimpl.TypeHandler$AbsentSubtypeAspect.parseFromSuper(TypeHandler.java:252)
	at org.chromium.sdk.internal.protocolparser.dynamicimpl.TypeHandler.parseRootImpl(TypeHandler.java:150)
	at org.chromium.sdk.internal.protocolparser.dynamicimpl.JsonTypeParser.parseValue(JsonTypeParser.java:50)
	at org.chromium.sdk.internal.protocolparser.dynamicimpl.JsonTypeParser.parseValue(JsonTypeParser.java:1)
	at org.chromium.sdk.internal.protocolparser.dynamicimpl.DynamicParserImpl$ArrayParser$1.create(DynamicParserImpl.java:1199)
	at org.chromium.sdk.internal.protocolparser.dynamicimpl.DynamicParserImpl$ArrayParser.parseValue(DynamicParserImpl.java:1365)
	at org.chromium.sdk.internal.protocolparser.dynamicimpl.DynamicParserImpl$ArrayParser.parseValue(DynamicParserImpl.java:1)
	at org.chromium.sdk.internal.protocolparser.dynamicimpl.FieldLoader.parse(FieldLoader.java:38)
	... 22 more
Caused by: org.chromium.sdk.internal.protocolparser.JsonProtocolParseException: Failed to parse field value
	at org.chromium.sdk.internal.protocolparser.dynamicimpl.FieldLoader.parse(FieldLoader.java:40)
	at org.chromium.sdk.internal.protocolparser.dynamicimpl.TypeHandler.parse(TypeHandler.java:119)
	... 30 more
Caused by: org.chromium.sdk.internal.protocolparser.JsonProtocolParseException: Failed to parse type org.chromium.sdk.internal.wip.protocol.input.runtime.RemoteObjectValue
	at org.chromium.sdk.internal.protocolparser.dynamicimpl.TypeHandler.parse(TypeHandler.java:140)
	at org.chromium.sdk.internal.protocolparser.dynamicimpl.TypeHandler$AbsentSubtypeAspect.parseFromSuper(TypeHandler.java:252)
	at org.chromium.sdk.internal.protocolparser.dynamicimpl.TypeHandler.parseRootImpl(TypeHandler.java:150)
	at org.chromium.sdk.internal.protocolparser.dynamicimpl.JsonTypeParser.parseValue(JsonTypeParser.java:50)
	at org.chromium.sdk.internal.protocolparser.dynamicimpl.JsonTypeParser.parseValue(JsonTypeParser.java:1)
	at org.chromium.sdk.internal.protocolparser.dynamicimpl.FieldLoader.parse(FieldLoader.java:38)
	... 31 more
Caused by: org.chromium.sdk.internal.protocolparser.JsonProtocolParseException: Failed to parse field 'subtype' in type org.chromium.sdk.internal.wip.protocol.input.runtime.RemoteObjectValue
	at org.chromium.sdk.internal.protocolparser.dynamicimpl.DynamicParserImpl$LazyParseFieldMethodHandler.parse(DynamicParserImpl.java:722)
	at org.chromium.sdk.internal.protocolparser.dynamicimpl.DynamicParserImpl$LazyParseFieldMethodHandler.parse(DynamicParserImpl.java:713)
	at org.chromium.sdk.internal.protocolparser.dynamicimpl.DynamicParserImpl$LazyParseFieldMethodHandler.parseEager(DynamicParserImpl.java:701)
	at org.chromium.sdk.internal.protocolparser.dynamicimpl.DynamicParserImpl$EagerFieldParserImpl.parseAllFields(DynamicParserImpl.java:659)
	at org.chromium.sdk.internal.protocolparser.dynamicimpl.TypeHandler.parse(TypeHandler.java:135)
	... 36 more
Caused by: org.chromium.sdk.internal.protocolparser.JsonProtocolParseException: Failed to call valueOf method
	at org.chromium.sdk.internal.protocolparser.dynamicimpl.EnumParser.parseValueQuick(EnumParser.java:58)
	at org.chromium.sdk.internal.protocolparser.dynamicimpl.EnumParser.parseValueQuick(EnumParser.java:1)
	at org.chromium.sdk.internal.protocolparser.dynamicimpl.DynamicParserImpl$LazyParseFieldMethodHandler.parse(DynamicParserImpl.java:720)
	... 40 more
Caused by: java.lang.reflect.InvocationTargetException
	at sun.reflect.GeneratedMethodAccessor77.invoke(Unknown Source)
	at sun.reflect.DelegatingMethodAccessorImpl.invoke(DelegatingMethodAccessorImpl.java:43)
	at java.lang.reflect.Method.invoke(Method.java:498)
	at org.chromium.sdk.internal.protocolparser.dynamicimpl.EnumParser.parseValueQuick(EnumParser.java:52)
	... 42 more
Caused by: java.lang.IllegalArgumentException: No enum constant org.chromium.sdk.internal.wip.protocol.input.runtime.RemoteObjectValue.Subtype.MAP
	at java.lang.Enum.valueOf(Enum.java:238)
	at org.chromium.sdk.internal.wip.protocol.input.runtime.RemoteObjectValue$Subtype.valueOf(RemoteObjectValue.java:1)
	... 46 more

